<?xml version="1.0" encoding="UTF-8"?>
<!-- Generated by org.testng.reporters.JUnitReportReporter -->
<testsuite hostname="Nurullah" failures="0" tests="1" name="myapp.tests.smoketests.excelautomation.day21_ExcelLogin" time="26.766" errors="0" timestamp="2023-06-09T18:43:10 EET" skipped="0">
  <testcase classname="myapp.tests.smoketests.excelautomation.day21_ExcelLogin" name="customerLoginTest" time="26.766"/>
</testsuite> <!-- myapp.tests.smoketests.excelautomation.day21_ExcelLogin -->
