<?xml version="1.0" encoding="UTF-8"?>
<!-- Generated by org.testng.reporters.JUnitReportReporter -->
<testsuite hostname="Nurullah" failures="0" tests="1" name="myapp.tests.smoketests.logintests.Day20_MedunnaLogin" time="5.375" errors="0" timestamp="2023-06-09T18:43:10 EET" skipped="0">
  <testcase classname="myapp.tests.smoketests.logintests.Day20_MedunnaLogin" name="signInTest" time="5.375"/>
</testsuite> <!-- myapp.tests.smoketests.logintests.Day20_MedunnaLogin -->
